<?xml version="1.0" encoding="UTF-8"?><testsuite errors="1" failures="0" name="Verify the completion of the block validation screen" skipped="0" tests="1" time="1.01" timestamp="2022-02-15 11:35:15"><testcase name="user registration is successful"><error message="Could not instantiate class org.openqa.selenium.chrome.ChromeDriver" type="net.thucydides.core.webdriver.DriverConfigurationError">Could not instantiate class org.openqa.selenium.chrome.ChromeDriver</error><system-err>Could not instantiate class org.openqa.selenium.chrome.ChromeDriver&#13;
block_validation.tasks.OpenUp.performAs(OpenUp.java:15)&#13;
block_validation.stepdefinitions.VaStepDefinition.theUserMustBeAbleToRegister(VaStepDefinition.java:18)&#13;
cucumber.runner.Runner.runPickle(Runner.java:80)&#13;
</system-err></testcase></testsuite>